<?xml version="1.0" encoding="UTF-8"?>
<!-- Generated by org.testng.reporters.JUnitReportReporter -->
<testsuite skipped="0" hostname="CPX-85J1I2YMCLF" name="tests.Login_test_valid_credentials" tests="1" failures="0" timestamp="14 marraskuuta 2017 13:18:46 GMT" time="1.978" errors="0">
  <testcase name="Login_test_with_valid_credentials" time="1.978" classname="tests.Login_test_valid_credentials"/>
</testsuite> <!-- tests.Login_test_valid_credentials -->
